<?xml version="1.0" encoding="UTF-8"?>
<coverage generated="1732203529211" clover="3.2.0">
  <project timestamp="1732203529211" name="All files">
    <metrics statements="38" coveredstatements="36" conditionals="14" coveredconditionals="9" methods="10" coveredmethods="8" elements="62" coveredelements="53" complexity="0" loc="38" ncloc="38" packages="4" files="6" classes="6"/>
    <package name="__tests__.HeroDisplay.constants">
      <metrics statements="10" coveredstatements="10" conditionals="0" coveredconditionals="0" methods="2" coveredmethods="2"/>
      <file name="constants.tsx" path="/home/bogdan/Portfolio/flow-starwars/src/__tests__/HeroDisplay/constants/constants.tsx">
        <metrics statements="10" coveredstatements="10" conditionals="0" coveredconditionals="0" methods="2" coveredmethods="2"/>
        <line num="1" count="1" type="stmt"/>
        <line num="2" count="1" type="stmt"/>
        <line num="4" count="1" type="stmt"/>
        <line num="8" count="1" type="stmt"/>
        <line num="11" count="20" type="stmt"/>
        <line num="13" count="20" type="stmt"/>
        <line num="15" count="20" type="stmt"/>
        <line num="16" count="20" type="stmt"/>
        <line num="19" count="20" type="stmt"/>
        <line num="26" count="11" type="stmt"/>
      </file>
    </package>
    <package name="app">
      <metrics statements="4" coveredstatements="4" conditionals="0" coveredconditionals="0" methods="1" coveredmethods="1"/>
      <file name="page.tsx" path="/home/bogdan/Portfolio/flow-starwars/src/app/page.tsx">
        <metrics statements="4" coveredstatements="4" conditionals="0" coveredconditionals="0" methods="1" coveredmethods="1"/>
        <line num="1" count="1" type="stmt"/>
        <line num="2" count="1" type="stmt"/>
        <line num="4" count="1" type="stmt"/>
        <line num="5" count="1" type="stmt"/>
      </file>
    </package>
    <package name="components.Footer">
      <metrics statements="9" coveredstatements="9" conditionals="2" coveredconditionals="1" methods="1" coveredmethods="1"/>
      <file name="Footer.tsx" path="/home/bogdan/Portfolio/flow-starwars/src/components/Footer/Footer.tsx">
        <metrics statements="7" coveredstatements="7" conditionals="2" coveredconditionals="1" methods="1" coveredmethods="1"/>
        <line num="2" count="1" type="stmt"/>
        <line num="5" count="1" type="stmt"/>
        <line num="6" count="1" type="stmt"/>
        <line num="9" count="1" type="stmt"/>
        <line num="10" count="1" type="stmt"/>
        <line num="81" count="1" type="stmt"/>
        <line num="144" count="1" type="stmt"/>
      </file>
      <file name="index.tsx" path="/home/bogdan/Portfolio/flow-starwars/src/components/Footer/index.tsx">
        <metrics statements="2" coveredstatements="2" conditionals="0" coveredconditionals="0" methods="0" coveredmethods="0"/>
        <line num="1" count="1" type="stmt"/>
        <line num="3" count="1" type="stmt"/>
      </file>
    </package>
    <package name="components.HeroDisplay">
      <metrics statements="15" coveredstatements="13" conditionals="12" coveredconditionals="8" methods="6" coveredmethods="4"/>
      <file name="HeroDisplay.tsx" path="/home/bogdan/Portfolio/flow-starwars/src/components/HeroDisplay/HeroDisplay.tsx">
        <metrics statements="13" coveredstatements="11" conditionals="12" coveredconditionals="8" methods="6" coveredmethods="4"/>
        <line num="2" count="1" type="stmt"/>
        <line num="3" count="1" type="stmt"/>
        <line num="4" count="1" type="stmt"/>
        <line num="12" count="1" type="stmt"/>
        <line num="14" count="1" type="stmt"/>
        <line num="32" count="1" type="stmt"/>
        <line num="46" count="10" type="stmt"/>
        <line num="62" count="0" type="stmt"/>
        <line num="93" count="170" type="stmt"/>
        <line num="95" count="140" type="stmt"/>
        <line num="146" count="100" type="stmt"/>
        <line num="151" count="0" type="stmt"/>
        <line num="161" count="1" type="stmt"/>
      </file>
      <file name="index.tsx" path="/home/bogdan/Portfolio/flow-starwars/src/components/HeroDisplay/index.tsx">
        <metrics statements="2" coveredstatements="2" conditionals="0" coveredconditionals="0" methods="0" coveredmethods="0"/>
        <line num="1" count="1" type="stmt"/>
        <line num="3" count="10" type="stmt"/>
      </file>
    </package>
  </project>
</coverage>
