{"/home/bogdan/Portfolio/flow-starwars/src/__tests__/HeroDisplay/constants/constants.tsx": {"path":"/home/bogdan/Portfolio/flow-starwars/src/__tests__/HeroDisplay/constants/constants.tsx","statementMap":{"0":{"start":{"line":8,"column":13},"end":{"line":8,"column":22}},"1":{"start":{"line":4,"column":13},"end":{"line":4,"column":22}},"2":{"start":{"line":26,"column":13},"end":{"line":26,"column":22}},"3":{"start":{"line":1,"column":56},"end":{"line":1,"column":null}},"4":{"start":{"line":2,"column":26},"end":{"line":2,"column":null}},"5":{"start":{"line":4,"column":25},"end":{"line":6,"column":null}},"6":{"start":{"line":8,"column":25},"end":{"line":8,"column":null}},"7":{"start":{"line":11,"column":28},"end":{"line":11,"column":null}},"8":{"start":{"line":13,"column":16},"end":{"line":13,"column":null}},"9":{"start":{"line":15,"column":2},"end":{"line":17,"column":null}},"10":{"start":{"line":16,"column":4},"end":{"line":16,"column":null}},"11":{"start":{"line":19,"column":2},"end":{"line":21,"column":null}},"12":{"start":{"line":26,"column":25},"end":{"line":248,"column":null}}},"fnMap":{"0":{"name":"FlowF","decl":{"start":{"line":10,"column":9},"end":{"line":10,"column":15}},"loc":{"start":{"line":10,"column":36},"end":{"line":24,"column":null}}},"1":{"name":"(anonymous_5)","decl":{"start":{"line":15,"column":12},"end":{"line":15,"column":null}},"loc":{"start":{"line":15,"column":12},"end":{"line":17,"column":5}}}},"branchMap":{},"s":{"0":0,"1":0,"2":11,"3":1,"4":1,"5":1,"6":1,"7":20,"8":20,"9":20,"10":20,"11":20,"12":1},"f":{"0":20,"1":20},"b":{}}
,"/home/bogdan/Portfolio/flow-starwars/src/app/page.tsx": {"path":"/home/bogdan/Portfolio/flow-starwars/src/app/page.tsx","statementMap":{"0":{"start":{"line":4,"column":24},"end":{"line":4,"column":null}},"1":{"start":{"line":1,"column":18},"end":{"line":1,"column":null}},"2":{"start":{"line":2,"column":19},"end":{"line":2,"column":null}},"3":{"start":{"line":5,"column":2},"end":{"line":89,"column":null}}},"fnMap":{"0":{"name":"Home","decl":{"start":{"line":4,"column":24},"end":{"line":4,"column":null}},"loc":{"start":{"line":4,"column":24},"end":{"line":95,"column":null}}}},"branchMap":{},"s":{"0":1,"1":1,"2":1,"3":1},"f":{"0":1},"b":{}}
,"/home/bogdan/Portfolio/flow-starwars/src/components/Footer/Footer.tsx": {"path":"/home/bogdan/Portfolio/flow-starwars/src/components/Footer/Footer.tsx","statementMap":{"0":{"start":{"line":144,"column":0},"end":{"line":144,"column":15}},"1":{"start":{"line":2,"column":37},"end":{"line":2,"column":null}},"2":{"start":{"line":5,"column":35},"end":{"line":5,"column":null}},"3":{"start":{"line":6,"column":19},"end":{"line":6,"column":null}},"4":{"start":{"line":9,"column":19},"end":{"line":142,"column":null}},"5":{"start":{"line":10,"column":40},"end":{"line":79,"column":null}},"6":{"start":{"line":81,"column":2},"end":{"line":136,"column":null}},"7":{"start":{"line":144,"column":15},"end":{"line":144,"column":null}}},"fnMap":{"0":{"name":"(anonymous_2)","decl":{"start":{"line":9,"column":19},"end":{"line":9,"column":null}},"loc":{"start":{"line":9,"column":19},"end":{"line":142,"column":null}}}},"branchMap":{"0":{"loc":{"start":{"line":105,"column":22},"end":{"line":105,"column":null}},"type":"cond-expr","locations":[{"start":{"line":105,"column":33},"end":{"line":105,"column":38}},{"start":{"line":105,"column":38},"end":{"line":105,"column":null}}]}},"s":{"0":1,"1":1,"2":1,"3":1,"4":1,"5":1,"6":1,"7":1},"f":{"0":1},"b":{"0":[0,4]}}
,"/home/bogdan/Portfolio/flow-starwars/src/components/Footer/index.tsx": {"path":"/home/bogdan/Portfolio/flow-starwars/src/components/Footer/index.tsx","statementMap":{"0":{"start":{"line":3,"column":0},"end":{"line":3,"column":15}},"1":{"start":{"line":1,"column":19},"end":{"line":1,"column":null}},"2":{"start":{"line":3,"column":15},"end":{"line":3,"column":21}}},"fnMap":{},"branchMap":{},"s":{"0":1,"1":1,"2":1},"f":{},"b":{}}
,"/home/bogdan/Portfolio/flow-starwars/src/components/HeroDisplay/HeroDisplay.tsx": {"path":"/home/bogdan/Portfolio/flow-starwars/src/components/HeroDisplay/HeroDisplay.tsx","statementMap":{"0":{"start":{"line":161,"column":0},"end":{"line":161,"column":15}},"1":{"start":{"line":2,"column":48},"end":{"line":2,"column":null}},"2":{"start":{"line":3,"column":68},"end":{"line":3,"column":null}},"3":{"start":{"line":4,"column":51},"end":{"line":4,"column":null}},"4":{"start":{"line":12,"column":7},"end":{"line":12,"column":null}},"5":{"start":{"line":14,"column":19},"end":{"line":14,"column":null}},"6":{"start":{"line":32,"column":48},"end":{"line":159,"column":null}},"7":{"start":{"line":46,"column":2},"end":{"line":152,"column":null}},"8":{"start":{"line":62,"column":29},"end":{"line":62,"column":null}},"9":{"start":{"line":93,"column":35},"end":{"line":93,"column":null}},"10":{"start":{"line":95,"column":18},"end":{"line":99,"column":null}},"11":{"start":{"line":146,"column":10},"end":{"line":152,"column":null}},"12":{"start":{"line":151,"column":35},"end":{"line":151,"column":null}},"13":{"start":{"line":161,"column":15},"end":{"line":161,"column":null}}},"fnMap":{"0":{"name":"(anonymous_2)","decl":{"start":{"line":32,"column":48},"end":{"line":32,"column":49}},"loc":{"start":{"line":45,"column":1},"end":{"line":159,"column":null}}},"1":{"name":"(anonymous_3)","decl":{"start":{"line":62,"column":23},"end":{"line":62,"column":29}},"loc":{"start":{"line":62,"column":29},"end":{"line":62,"column":null}}},"2":{"name":"(anonymous_4)","decl":{"start":{"line":93,"column":24},"end":{"line":93,"column":25}},"loc":{"start":{"line":93,"column":35},"end":{"line":93,"column":null}}},"3":{"name":"(anonymous_5)","decl":{"start":{"line":94,"column":21},"end":{"line":94,"column":22}},"loc":{"start":{"line":95,"column":18},"end":{"line":99,"column":null}}},"4":{"name":"(anonymous_6)","decl":{"start":{"line":145,"column":18},"end":{"line":145,"column":19}},"loc":{"start":{"line":146,"column":10},"end":{"line":152,"column":null}}},"5":{"name":"(anonymous_7)","decl":{"start":{"line":151,"column":29},"end":{"line":151,"column":35}},"loc":{"start":{"line":151,"column":35},"end":{"line":151,"column":null}}}},"branchMap":{"0":{"loc":{"start":{"line":53,"column":19},"end":{"line":53,"column":null}},"type":"cond-expr","locations":[{"start":{"line":53,"column":33},"end":{"line":53,"column":42}},{"start":{"line":53,"column":42},"end":{"line":53,"column":null}}]},"1":{"loc":{"start":{"line":61,"column":20},"end":{"line":61,"column":null}},"type":"cond-expr","locations":[{"start":{"line":61,"column":33},"end":{"line":61,"column":55}},{"start":{"line":61,"column":55},"end":{"line":61,"column":null}}]},"2":{"loc":{"start":{"line":71,"column":50},"end":{"line":71,"column":76}},"type":"binary-expr","locations":[{"start":{"line":71,"column":50},"end":{"line":71,"column":64}},{"start":{"line":71,"column":64},"end":{"line":71,"column":76}}]},"3":{"loc":{"start":{"line":91,"column":13},"end":{"line":99,"column":null}},"type":"binary-expr","locations":[{"start":{"line":91,"column":13},"end":{"line":91,"column":null}},{"start":{"line":92,"column":14},"end":{"line":99,"column":null}}]},"4":{"loc":{"start":{"line":97,"column":21},"end":{"line":99,"column":null}},"type":"cond-expr","locations":[{"start":{"line":98,"column":24},"end":{"line":98,"column":null}},{"start":{"line":99,"column":24},"end":{"line":99,"column":null}}]},"5":{"loc":{"start":{"line":127,"column":11},"end":{"line":144,"column":7}},"type":"cond-expr","locations":[{"start":{"line":128,"column":12},"end":{"line":130,"column":13}},{"start":{"line":130,"column":12},"end":{"line":144,"column":7}}]}},"s":{"0":1,"1":1,"2":1,"3":1,"4":1,"5":1,"6":1,"7":10,"8":0,"9":170,"10":140,"11":100,"12":0,"13":1},"f":{"0":10,"1":0,"2":170,"3":140,"4":100,"5":0},"b":{"0":[0,10],"1":[0,10],"2":[10,0],"3":[10,10],"4":[40,100],"5":[0,10]}}
,"/home/bogdan/Portfolio/flow-starwars/src/components/HeroDisplay/index.tsx": {"path":"/home/bogdan/Portfolio/flow-starwars/src/components/HeroDisplay/index.tsx","statementMap":{"0":{"start":{"line":3,"column":0},"end":{"line":3,"column":15}},"1":{"start":{"line":1,"column":24},"end":{"line":1,"column":null}},"2":{"start":{"line":3,"column":15},"end":{"line":3,"column":26}}},"fnMap":{},"branchMap":{},"s":{"0":10,"1":1,"2":1},"f":{},"b":{}}
}
