TN:
SF:src/__tests__/HeroDisplay/constants/constants.tsx
FN:10,FlowF
FN:15,(anonymous_5)
FNF:2
FNH:2
FNDA:20,FlowF
FNDA:20,(anonymous_5)
DA:1,1
DA:2,1
DA:4,1
DA:8,1
DA:11,20
DA:13,20
DA:15,20
DA:16,20
DA:19,20
DA:26,11
LF:10
LH:10
BRF:0
BRH:0
end_of_record
TN:
SF:src/app/page.tsx
FN:4,Home
FNF:1
FNH:1
FNDA:1,Home
DA:1,1
DA:2,1
DA:4,1
DA:5,1
LF:4
LH:4
BRF:0
BRH:0
end_of_record
TN:
SF:src/components/Footer/Footer.tsx
FN:9,(anonymous_2)
FNF:1
FNH:1
FNDA:1,(anonymous_2)
DA:2,1
DA:5,1
DA:6,1
DA:9,1
DA:10,1
DA:81,1
DA:144,1
LF:7
LH:7
BRDA:105,0,0,0
BRDA:105,0,1,4
BRF:2
BRH:1
end_of_record
TN:
SF:src/components/Footer/index.tsx
FNF:0
FNH:0
DA:1,1
DA:3,1
LF:2
LH:2
BRF:0
BRH:0
end_of_record
TN:
SF:src/components/HeroDisplay/HeroDisplay.tsx
FN:32,(anonymous_2)
FN:62,(anonymous_3)
FN:93,(anonymous_4)
FN:94,(anonymous_5)
FN:145,(anonymous_6)
FN:151,(anonymous_7)
FNF:6
FNH:4
FNDA:10,(anonymous_2)
FNDA:0,(anonymous_3)
FNDA:170,(anonymous_4)
FNDA:140,(anonymous_5)
FNDA:100,(anonymous_6)
FNDA:0,(anonymous_7)
DA:2,1
DA:3,1
DA:4,1
DA:12,1
DA:14,1
DA:32,1
DA:46,10
DA:62,0
DA:93,170
DA:95,140
DA:146,100
DA:151,0
DA:161,1
LF:13
LH:11
BRDA:53,0,0,0
BRDA:53,0,1,10
BRDA:61,1,0,0
BRDA:61,1,1,10
BRDA:71,2,0,10
BRDA:71,2,1,0
BRDA:91,3,0,10
BRDA:91,3,1,10
BRDA:97,4,0,40
BRDA:97,4,1,100
BRDA:127,5,0,0
BRDA:127,5,1,10
BRF:12
BRH:8
end_of_record
TN:
SF:src/components/HeroDisplay/index.tsx
FNF:0
FNH:0
DA:1,1
DA:3,10
LF:2
LH:2
BRF:0
BRH:0
end_of_record
